timestamp: 2014-11-11T01:48:57.746809
CREATE TABLE auth_user(
    id INT AUTO_INCREMENT NOT NULL,
    first_name VARCHAR(128),
    last_name VARCHAR(128),
    email VARCHAR(255),
    password VARCHAR(255),
    registration_key VARCHAR(255),
    reset_password_key VARCHAR(255),
    registration_id VARCHAR(255),
    PRIMARY KEY(id)
) ENGINE=InnoDB CHARACTER SET utf8;
success!
timestamp: 2014-11-11T01:48:58.574628
CREATE TABLE auth_group(
    id INT AUTO_INCREMENT NOT NULL,
    role VARCHAR(255),
    description LONGTEXT,
    PRIMARY KEY(id)
) ENGINE=InnoDB CHARACTER SET utf8;
success!
timestamp: 2014-11-11T01:48:58.842640
CREATE TABLE auth_membership(
    id INT AUTO_INCREMENT NOT NULL,
    user_id INT, INDEX user_id__idx (user_id), FOREIGN KEY (user_id) REFERENCES auth_user(id) ON DELETE CASCADE,
    group_id INT, INDEX group_id__idx (group_id), FOREIGN KEY (group_id) REFERENCES auth_group(id) ON DELETE CASCADE,
    PRIMARY KEY(id)
) ENGINE=InnoDB CHARACTER SET utf8;
success!
timestamp: 2014-11-11T01:48:59.178621
CREATE TABLE auth_permission(
    id INT AUTO_INCREMENT NOT NULL,
    group_id INT, INDEX group_id__idx (group_id), FOREIGN KEY (group_id) REFERENCES auth_group(id) ON DELETE CASCADE,
    name VARCHAR(255),
    table_name VARCHAR(255),
    record_id INT,
    PRIMARY KEY(id)
) ENGINE=InnoDB CHARACTER SET utf8;
success!
timestamp: 2014-11-11T01:48:59.401280
CREATE TABLE auth_event(
    id INT AUTO_INCREMENT NOT NULL,
    time_stamp DATETIME,
    client_ip VARCHAR(255),
    user_id INT, INDEX user_id__idx (user_id), FOREIGN KEY (user_id) REFERENCES auth_user(id) ON DELETE CASCADE,
    origin VARCHAR(255),
    description LONGTEXT,
    PRIMARY KEY(id)
) ENGINE=InnoDB CHARACTER SET utf8;
success!
timestamp: 2014-11-11T01:48:59.857569
CREATE TABLE auth_cas(
    id INT AUTO_INCREMENT NOT NULL,
    user_id INT, INDEX user_id__idx (user_id), FOREIGN KEY (user_id) REFERENCES auth_user(id) ON DELETE CASCADE,
    created_on DATETIME,
    service VARCHAR(255),
    ticket VARCHAR(255),
    renew CHAR(1),
    PRIMARY KEY(id)
) ENGINE=InnoDB CHARACTER SET utf8;
success!
timestamp: 2014-11-11T02:00:06.195267
CREATE TABLE auth_user(
    id INT AUTO_INCREMENT NOT NULL,
    first_name VARCHAR(128),
    last_name VARCHAR(128),
    email VARCHAR(255),
    password VARCHAR(255),
    registration_key VARCHAR(255),
    reset_password_key VARCHAR(255),
    registration_id VARCHAR(255),
    PRIMARY KEY(id)
) ENGINE=InnoDB CHARACTER SET utf8;
success!
timestamp: 2014-11-11T02:00:06.333339
CREATE TABLE auth_group(
    id INT AUTO_INCREMENT NOT NULL,
    role VARCHAR(255),
    description LONGTEXT,
    PRIMARY KEY(id)
) ENGINE=InnoDB CHARACTER SET utf8;
success!
timestamp: 2014-11-11T02:00:06.433105
CREATE TABLE auth_membership(
    id INT AUTO_INCREMENT NOT NULL,
    user_id INT, INDEX user_id__idx (user_id), FOREIGN KEY (user_id) REFERENCES auth_user(id) ON DELETE CASCADE,
    group_id INT, INDEX group_id__idx (group_id), FOREIGN KEY (group_id) REFERENCES auth_group(id) ON DELETE CASCADE,
    PRIMARY KEY(id)
) ENGINE=InnoDB CHARACTER SET utf8;
success!
timestamp: 2014-11-11T02:00:06.567758
CREATE TABLE auth_permission(
    id INT AUTO_INCREMENT NOT NULL,
    group_id INT, INDEX group_id__idx (group_id), FOREIGN KEY (group_id) REFERENCES auth_group(id) ON DELETE CASCADE,
    name VARCHAR(255),
    table_name VARCHAR(255),
    record_id INT,
    PRIMARY KEY(id)
) ENGINE=InnoDB CHARACTER SET utf8;
success!
timestamp: 2014-11-11T02:00:06.656971
CREATE TABLE auth_event(
    id INT AUTO_INCREMENT NOT NULL,
    time_stamp DATETIME,
    client_ip VARCHAR(255),
    user_id INT, INDEX user_id__idx (user_id), FOREIGN KEY (user_id) REFERENCES auth_user(id) ON DELETE CASCADE,
    origin VARCHAR(255),
    description LONGTEXT,
    PRIMARY KEY(id)
) ENGINE=InnoDB CHARACTER SET utf8;
success!
timestamp: 2014-11-11T02:00:06.757572
CREATE TABLE auth_cas(
    id INT AUTO_INCREMENT NOT NULL,
    user_id INT, INDEX user_id__idx (user_id), FOREIGN KEY (user_id) REFERENCES auth_user(id) ON DELETE CASCADE,
    created_on DATETIME,
    service VARCHAR(255),
    ticket VARCHAR(255),
    renew CHAR(1),
    PRIMARY KEY(id)
) ENGINE=InnoDB CHARACTER SET utf8;
success!
timestamp: 2014-11-11T02:00:06.857934
CREATE TABLE Customer(
    id INT AUTO_INCREMENT NOT NULL,
    CID VARCHAR(255),
    Cname VARCHAR(255),
    Password VARCHAR(255),
    Company VARCHAR(255),
    Phno1 VARCHAR(255),
    Phno2 VARCHAR(255),
    PRIMARY KEY(id)
) ENGINE=InnoDB CHARACTER SET utf8;
success!
timestamp: 2014-11-11T02:00:35.198019
CREATE TABLE Customer(
    id INT AUTO_INCREMENT NOT NULL,
    CID VARCHAR(255),
    Cname VARCHAR(255),
    Password VARCHAR(255),
    Company VARCHAR(255),
    Phno1 VARCHAR(255),
    Phno2 VARCHAR(255),
    PRIMARY KEY(id)
) ENGINE=InnoDB CHARACTER SET utf8;
success!
timestamp: 2014-11-11T02:05:41.840202
ALTER TABLE Customer ADD address VARCHAR(255);
success!
timestamp: 2014-11-11T02:05:42.196580
ALTER TABLE Customer ADD email VARCHAR(255);
success!
timestamp: 2014-11-11T02:08:44.653982
CREATE TABLE auth_user(
    id INT AUTO_INCREMENT NOT NULL,
    first_name VARCHAR(128),
    last_name VARCHAR(128),
    email VARCHAR(255),
    password VARCHAR(255),
    registration_key VARCHAR(255),
    reset_password_key VARCHAR(255),
    registration_id VARCHAR(255),
    PRIMARY KEY(id)
) ENGINE=InnoDB CHARACTER SET utf8;
success!
timestamp: 2014-11-11T02:08:44.751166
CREATE TABLE auth_group(
    id INT AUTO_INCREMENT NOT NULL,
    role VARCHAR(255),
    description LONGTEXT,
    PRIMARY KEY(id)
) ENGINE=InnoDB CHARACTER SET utf8;
success!
timestamp: 2014-11-11T02:08:44.896092
CREATE TABLE auth_membership(
    id INT AUTO_INCREMENT NOT NULL,
    user_id INT, INDEX user_id__idx (user_id), FOREIGN KEY (user_id) REFERENCES auth_user(id) ON DELETE CASCADE,
    group_id INT, INDEX group_id__idx (group_id), FOREIGN KEY (group_id) REFERENCES auth_group(id) ON DELETE CASCADE,
    PRIMARY KEY(id)
) ENGINE=InnoDB CHARACTER SET utf8;
success!
timestamp: 2014-11-11T02:08:45.030803
CREATE TABLE auth_permission(
    id INT AUTO_INCREMENT NOT NULL,
    group_id INT, INDEX group_id__idx (group_id), FOREIGN KEY (group_id) REFERENCES auth_group(id) ON DELETE CASCADE,
    name VARCHAR(255),
    table_name VARCHAR(255),
    record_id INT,
    PRIMARY KEY(id)
) ENGINE=InnoDB CHARACTER SET utf8;
success!
timestamp: 2014-11-11T02:08:45.134050
CREATE TABLE auth_event(
    id INT AUTO_INCREMENT NOT NULL,
    time_stamp DATETIME,
    client_ip VARCHAR(255),
    user_id INT, INDEX user_id__idx (user_id), FOREIGN KEY (user_id) REFERENCES auth_user(id) ON DELETE CASCADE,
    origin VARCHAR(255),
    description LONGTEXT,
    PRIMARY KEY(id)
) ENGINE=InnoDB CHARACTER SET utf8;
success!
timestamp: 2014-11-11T02:08:45.212629
CREATE TABLE auth_cas(
    id INT AUTO_INCREMENT NOT NULL,
    user_id INT, INDEX user_id__idx (user_id), FOREIGN KEY (user_id) REFERENCES auth_user(id) ON DELETE CASCADE,
    created_on DATETIME,
    service VARCHAR(255),
    ticket VARCHAR(255),
    renew CHAR(1),
    PRIMARY KEY(id)
) ENGINE=InnoDB CHARACTER SET utf8;
success!
timestamp: 2014-11-11T02:08:45.322819
CREATE TABLE Customer(
    id INT AUTO_INCREMENT NOT NULL,
    CID VARCHAR(255),
    Cname VARCHAR(255),
    Password VARCHAR(255),
    Company VARCHAR(255),
    address VARCHAR(255),
    email VARCHAR(255),
    Phno1 VARCHAR(255),
    Phno2 VARCHAR(255),
    PRIMARY KEY(id)
) ENGINE=InnoDB CHARACTER SET utf8;
success!
timestamp: 2014-11-11T02:20:56.035310
CREATE TABLE Test(
    id INT AUTO_INCREMENT NOT NULL,
    TID VARCHAR(255),
    Tname VARCHAR(255),
    Tdescription VARCHAR(255),
    PRIMARY KEY(id)
) ENGINE=InnoDB CHARACTER SET utf8;
success!
timestamp: 2014-11-11T02:26:30.260698
CREATE TABLE Employee(
    id INT AUTO_INCREMENT NOT NULL,
    EID VARCHAR(255),
    Ename VARCHAR(255),
    Password VARCHAR(255),
    address VARCHAR(255),
    email VARCHAR(255),
    Phno1 VARCHAR(255),
    PRIMARY KEY(id)
) ENGINE=InnoDB CHARACTER SET utf8;
success!
